<?xml version="1.0" encoding="UTF-8"?>
<coverage generated="1536501349358" clover="3.2.0">
  <project timestamp="1536501349358" name="All files">
    <metrics statements="9" coveredstatements="5" conditionals="0" coveredconditionals="0" methods="1" coveredmethods="1" elements="10" coveredelements="6" complexity="0" loc="9" ncloc="9" packages="1" files="2" classes="2">
      <file name="elementUi.js" path="/Users/jinboma/my-github/jest-example/src/utils/elementUi.js">
        <metrics statements="4" coveredstatements="0" conditionals="0" coveredconditionals="0" methods="0" coveredmethods="0"/>
        <line num="1" count="0" type="stmt"/>
        <line num="2" count="0" type="stmt"/>
        <line num="4" count="0" type="stmt"/>
        <line num="5" count="0" type="stmt"/>
      </file>
      <file name="replaceParams.js" path="/Users/jinboma/my-github/jest-example/src/utils/replaceParams.js">
        <metrics statements="5" coveredstatements="5" conditionals="0" coveredconditionals="0" methods="1" coveredmethods="1"/>
        <line num="11" count="4" type="stmt"/>
        <line num="13" count="4" type="stmt"/>
        <line num="14" count="6" type="stmt"/>
        <line num="15" count="6" type="stmt"/>
        <line num="18" count="4" type="stmt"/>
      </file>
    </metrics>
  </project>
</coverage>
