{"/Users/jinboma/my-github/jest-example/src/utils/elementUi.js": {"path":"/Users/jinboma/my-github/jest-example/src/utils/elementUi.js","statementMap":{"0":{"start":{"line":1,"column":0},"end":{"line":null,"column":-1}},"1":{"start":{"line":2,"column":0},"end":{"line":null,"column":-1}},"2":{"start":{"line":4,"column":0},"end":{"line":null,"column":-1}},"3":{"start":{"line":5,"column":0},"end":{"line":null,"column":-1}}},"fnMap":{},"branchMap":{},"s":{"0":0,"1":0,"2":0,"3":0},"f":{},"b":{}}
,"/Users/jinboma/my-github/jest-example/src/utils/replaceParams.js": {"path":"/Users/jinboma/my-github/jest-example/src/utils/replaceParams.js","statementMap":{"0":{"start":{"line":11,"column":15},"end":{"line":11,"column":18}},"1":{"start":{"line":13,"column":2},"end":{"line":16,"column":3}},"2":{"start":{"line":14,"column":14},"end":{"line":14,"column":39}},"3":{"start":{"line":15,"column":4},"end":{"line":15,"column":40}},"4":{"start":{"line":18,"column":2},"end":{"line":18,"column":15}}},"fnMap":{"0":{"name":"replaceParams","decl":{"start":{"line":10,"column":24},"end":{"line":10,"column":37}},"loc":{"start":{"line":10,"column":49},"end":{"line":19,"column":1}},"line":10}},"branchMap":{},"s":{"0":4,"1":4,"2":6,"3":6,"4":4},"f":{"0":4},"b":{},"_coverageSchema":"332fd63041d2c1bcb487cc26dd0d5f7d97098a6c","hash":"9b49d5604a1556bdec3c5759ac9cf0c565062d28"}
}
